#
# There is insufficient memory for the Java Runtime Environment to continue.
# Native memory allocation (mmap) failed to map 566231040 bytes. Error detail: G1 virtual space
# Possible reasons:
#   The system is out of physical RAM or swap space
#   This process is running with CompressedOops enabled, and the Java Heap may be blocking the growth of the native heap
# Possible solutions:
#   Reduce memory load on the system
#   Increase physical memory or swap space
#   Check if swap backing store is full
#   Decrease Java heap size (-Xmx/-Xms)
#   Decrease number of Java threads
#   Decrease Java thread stack sizes (-Xss)
#   Set larger code cache with -XX:ReservedCodeCacheSize=
#   JVM is running with Unscaled Compressed Oops mode in which the Java heap is
#     placed in the first 4GB address space. The Java Heap base address is the
#     maximum limit for the native heap growth. Please use -XX:HeapBaseMinAddress
#     to set the Java Heap base and to place the Java Heap above 4GB virtual address.
# This output file may be truncated or incomplete.
#
#  Out of Memory Error (os_windows.cpp:3825), pid=36832, tid=37344
#
# JRE version: OpenJDK Runtime Environment (17.0.11) (build 17.0.11+0--11852314)
# Java VM: OpenJDK 64-Bit Server VM (17.0.11+0--11852314, mixed mode, tiered, compressed oops, compressed class ptrs, g1 gc, windows-amd64)
# No core dump will be written. Minidumps are not enabled by default on client versions of Windows
#

---------------  S U M M A R Y ------------

Command Line: com.android.tools.r8.D8 --file-per-class --release --no-desugaring --output E:\Program-DEV\Steal Alien Indonesia\Projects\Jetcaster 2\Jetcaster\app\build\intermediates\dex\release\minifyReleaseWithR8\fileperclass.zip E:\Program-DEV\Steal Alien Indonesia\Projects\Jetcaster 2\Jetcaster\app\build\intermediates\dex\release\minifyReleaseWithR8\classes.dex E:\Program-DEV\Steal Alien Indonesia\Projects\Jetcaster 2\Jetcaster\app\build\intermediates\dex\release\minifyReleaseWithR8\classes2.dex

Host: AMD Ryzen 7 4800H with Radeon Graphics         , 16 cores, 7G,  Windows 11 , 64 bit Build 26100 (10.0.26100.2161)
Time: Mon Nov  4 16:58:39 2024 SE Asia Standard Time elapsed time: 3.195639 seconds (0d 0h 0m 3s)

---------------  T H R E A D  ---------------

Current thread (0x000001c7e78fec10):  VMThread "VM Thread" [stack: 0x000000ae6b000000,0x000000ae6b100000] [id=37344]

Stack: [0x000000ae6b000000,0x000000ae6b100000]
Native frames: (J=compiled Java code, j=interpreted, Vv=VM code, C=native code)
V  [jvm.dll+0x687bb9]
V  [jvm.dll+0x84142a]
V  [jvm.dll+0x8430ae]
V  [jvm.dll+0x843713]
V  [jvm.dll+0x24a35f]
V  [jvm.dll+0x684989]
V  [jvm.dll+0x67923a]
V  [jvm.dll+0x30af0b]
V  [jvm.dll+0x3123b6]
V  [jvm.dll+0x361dfe]
V  [jvm.dll+0x36202f]
V  [jvm.dll+0x2e0d38]
V  [jvm.dll+0x2df144]
V  [jvm.dll+0x2de74c]
V  [jvm.dll+0x32305b]
V  [jvm.dll+0x847e0b]
V  [jvm.dll+0x848b42]
V  [jvm.dll+0x84905d]
V  [jvm.dll+0x849434]
V  [jvm.dll+0x849500]
V  [jvm.dll+0x7efa4a]
V  [jvm.dll+0x686a35]
C  [ucrtbase.dll+0x14ea0]
C  [KERNEL32.DLL+0x2dbe7]
C  [ntdll.dll+0xdfbec]

VM_Operation (0x000000ae6ccfe960): G1CollectForAllocation, mode: safepoint, requested by thread 0x000001c7ec940000


---------------  P R O C E S S  ---------------

Threads class SMR info:
_java_thread_list=0x000001c7ecb0db40, length=21, elements={
0x000001c7cb538660, 0x000001c7e7a75b30, 0x000001c7e7a78410, 0x000001c7e7acaa30,
0x000001c7e7acb300, 0x000001c7e7acbbd0, 0x000001c7e7acc4a0, 0x000001c7e7acd150,
0x000001c7e7acdb10, 0x000001c7e7ace420, 0x000001c7e7c4b620, 0x000001c7e7c5bb90,
0x000001c7e7c6c360, 0x000001c7ec073850, 0x000001c7ec073d70, 0x000001c7e7d94500,
0x000001c7ec0cc8e0, 0x000001c7ec5b7450, 0x000001c7ec194650, 0x000001c7ec940000,
0x000001c7ec9408f0
}

Java Threads: ( => current thread )
  0x000001c7cb538660 JavaThread "main" [_thread_blocked, id=41776, stack(0x000000ae6aa00000,0x000000ae6ab00000)]
  0x000001c7e7a75b30 JavaThread "Reference Handler" daemon [_thread_blocked, id=41296, stack(0x000000ae6b100000,0x000000ae6b200000)]
  0x000001c7e7a78410 JavaThread "Finalizer" daemon [_thread_blocked, id=45732, stack(0x000000ae6b200000,0x000000ae6b300000)]
  0x000001c7e7acaa30 JavaThread "Signal Dispatcher" daemon [_thread_blocked, id=13328, stack(0x000000ae6b300000,0x000000ae6b400000)]
  0x000001c7e7acb300 JavaThread "Attach Listener" daemon [_thread_blocked, id=52508, stack(0x000000ae6b400000,0x000000ae6b500000)]
  0x000001c7e7acbbd0 JavaThread "Service Thread" daemon [_thread_blocked, id=17632, stack(0x000000ae6b500000,0x000000ae6b600000)]
  0x000001c7e7acc4a0 JavaThread "Monitor Deflation Thread" daemon [_thread_blocked, id=48716, stack(0x000000ae6b600000,0x000000ae6b700000)]
  0x000001c7e7acd150 JavaThread "C2 CompilerThread0" daemon [_thread_blocked, id=26076, stack(0x000000ae6b700000,0x000000ae6b800000)]
  0x000001c7e7acdb10 JavaThread "C1 CompilerThread0" daemon [_thread_blocked, id=41072, stack(0x000000ae6b800000,0x000000ae6b900000)]
  0x000001c7e7ace420 JavaThread "Sweeper thread" daemon [_thread_blocked, id=52592, stack(0x000000ae6b900000,0x000000ae6ba00000)]
  0x000001c7e7c4b620 JavaThread "C1 CompilerThread1" daemon [_thread_blocked, id=52084, stack(0x000000ae6ba00000,0x000000ae6bb00000)]
  0x000001c7e7c5bb90 JavaThread "Notification Thread" daemon [_thread_blocked, id=40952, stack(0x000000ae6bb00000,0x000000ae6bc00000)]
  0x000001c7e7c6c360 JavaThread "Common-Cleaner" daemon [_thread_blocked, id=27976, stack(0x000000ae6bd00000,0x000000ae6be00000)]
  0x000001c7ec073850 JavaThread "C1 CompilerThread2" daemon [_thread_blocked, id=24168, stack(0x000000ae6be00000,0x000000ae6bf00000)]
  0x000001c7ec073d70 JavaThread "C1 CompilerThread3" daemon [_thread_blocked, id=45400, stack(0x000000ae6bf00000,0x000000ae6c000000)]
  0x000001c7e7d94500 JavaThread "C2 CompilerThread1" daemon [_thread_blocked, id=27832, stack(0x000000ae6c300000,0x000000ae6c400000)]
  0x000001c7ec0cc8e0 JavaThread "C2 CompilerThread2" daemon [_thread_blocked, id=50996, stack(0x000000ae6c400000,0x000000ae6c500000)]
  0x000001c7ec5b7450 JavaThread "C2 CompilerThread3" daemon [_thread_blocked, id=40040, stack(0x000000ae6c500000,0x000000ae6c600000)]
  0x000001c7ec194650 JavaThread "C2 CompilerThread4" daemon [_thread_blocked, id=52456, stack(0x000000ae6c900000,0x000000ae6ca00000)]
  0x000001c7ec940000 JavaThread "ForkJoinPool-1-worker-1" daemon [_thread_blocked, id=49376, stack(0x000000ae6cc00000,0x000000ae6cd00000)]
  0x000001c7ec9408f0 JavaThread "ForkJoinPool-1-worker-2" daemon [_thread_blocked, id=52908, stack(0x000000ae6cd00000,0x000000ae6ce00000)]

Other Threads:
=>0x000001c7e78fec10 VMThread "VM Thread" [stack: 0x000000ae6b000000,0x000000ae6b100000] [id=37344]
  0x000001c7e7c60090 WatcherThread [stack: 0x000000ae6bc00000,0x000000ae6bd00000] [id=43560]
  0x000001c7cb592700 GCTaskThread "GC Thread#0" [stack: 0x000000ae6ab00000,0x000000ae6ac00000] [id=48968]
  0x000001c7ec0c6ad0 GCTaskThread "GC Thread#1" [stack: 0x000000ae6c000000,0x000000ae6c100000] [id=25952]
  0x000001c7ec0cd4f0 GCTaskThread "GC Thread#2" [stack: 0x000000ae6c100000,0x000000ae6c200000] [id=45784]
  0x000001c7ec0cd7b0 GCTaskThread "GC Thread#3" [stack: 0x000000ae6c200000,0x000000ae6c300000] [id=50268]
  0x000001c7ecce7ed0 GCTaskThread "GC Thread#4" [stack: 0x000000ae6ce00000,0x000000ae6cf00000] [id=38840]
  0x000001c7ede83a80 GCTaskThread "GC Thread#5" [stack: 0x000000ae6d500000,0x000000ae6d600000] [id=43308]
  0x000001c7cb5a2440 ConcurrentGCThread "G1 Main Marker" [stack: 0x000000ae6ac00000,0x000000ae6ad00000] [id=45964]
  0x000001c7cb5a4790 ConcurrentGCThread "G1 Conc#0" [stack: 0x000000ae6ad00000,0x000000ae6ae00000] [id=50056]
  0x000001c7ec32d670 ConcurrentGCThread "G1 Conc#1" [stack: 0x000000ae6ca00000,0x000000ae6cb00000] [id=49016]
  0x000001c7ecac0060 ConcurrentGCThread "G1 Conc#2" [stack: 0x000000ae6cb00000,0x000000ae6cc00000] [id=50440]
  0x000001c7cb5ee790 ConcurrentGCThread "G1 Refine#0" [stack: 0x000000ae6ae00000,0x000000ae6af00000] [id=44640]
  0x000001c7e7e0dc30 ConcurrentGCThread "G1 Refine#1" [stack: 0x000000ae6c600000,0x000000ae6c700000] [id=23340]
  0x000001c7ec1984f0 ConcurrentGCThread "G1 Refine#2" [stack: 0x000000ae6c700000,0x000000ae6c800000] [id=32024]
  0x000001c7e7e24d80 ConcurrentGCThread "G1 Refine#3" [stack: 0x000000ae6c800000,0x000000ae6c900000] [id=46852]
  0x000001c7ed9346f0 ConcurrentGCThread "G1 Refine#4" [stack: 0x000000ae6cf00000,0x000000ae6d000000] [id=38096]
  0x000001c7ed671160 ConcurrentGCThread "G1 Refine#5" [stack: 0x000000ae6d000000,0x000000ae6d100000] [id=35860]
  0x000001c7ed6705a0 ConcurrentGCThread "G1 Refine#6" [stack: 0x000000ae6d100000,0x000000ae6d200000] [id=42436]
  0x000001c7ed670e70 ConcurrentGCThread "G1 Refine#7" [stack: 0x000000ae6d200000,0x000000ae6d300000] [id=46548]
  0x000001c7ed670890 ConcurrentGCThread "G1 Refine#8" [stack: 0x000000ae6d300000,0x000000ae6d400000] [id=52824]
  0x000001c7ed670b80 ConcurrentGCThread "G1 Refine#9" [stack: 0x000000ae6d400000,0x000000ae6d500000] [id=47180]
  0x000001c7e7787f00 ConcurrentGCThread "G1 Service" [stack: 0x000000ae6af00000,0x000000ae6b000000] [id=51948]

Threads with active compile tasks:
C2 CompilerThread0     3230 1441       4       com.android.tools.r8.dex.n::e (654 bytes)
C2 CompilerThread1     3230 1401       4       com.android.tools.r8.code.u1::a (4075 bytes)
C2 CompilerThread2     3230 1470       4       com.android.tools.r8.graph.q$$Lambda$41/0x00000001001022a0::accept (16 bytes)
C2 CompilerThread3     3230 1097 %     4       com.android.tools.r8.dex.n::a @ 312 (965 bytes)
C2 CompilerThread4     3230 1452       4       com.android.tools.r8.dex.n$c::<init> (567 bytes)

VM state: at safepoint (normal execution)

VM Mutex/Monitor currently owned by a thread:  ([mutex/lock_event])
[0x000001c7cb535b30] Threads_lock - owner thread: 0x000001c7e78fec10
[0x000001c7cb534ed0] Heap_lock - owner thread: 0x000001c7ec940000

Heap address: 0x0000000089400000, size: 1900 MB, Compressed Oops mode: 32-bit

CDS archive(s) not mapped
Compressed class space mapped at: 0x0000000100000000-0x0000000140000000, reserved size: 1073741824
Narrow klass base: 0x0000000000000000, Narrow klass shift: 3, Narrow klass range: 0x140000000

GC Precious Log:
 CPUs: 16 total, 16 available
 Memory: 7599M
 Large Page Support: Disabled
 NUMA Support: Disabled
 Compressed Oops: Enabled (32-bit)
 Heap Region Size: 1M
 Heap Min Capacity: 8M
 Heap Initial Capacity: 120M
 Heap Max Capacity: 1900M
 Pre-touch: Disabled
 Parallel Workers: 13
 Concurrent Workers: 3
 Concurrent Refinement Workers: 13
 Periodic GC: Disabled

Heap:
 garbage-first heap   total 276480K, used 169472K [0x0000000089400000, 0x0000000100000000)
  region size 1024K, 2 young (2048K), 2 survivors (2048K)
 Metaspace       used 11428K, committed 11584K, reserved 1114112K
  class space    used 1261K, committed 1344K, reserved 1048576K

Heap Regions: E=young(eden), S=young(survivor), O=old, HS=humongous(starts), HC=humongous(continues), CS=collection set, F=free, OA=open archive, CA=closed archive, TAMS=top-at-mark-start (previous, next)
|   0|0x0000000089400000, 0x0000000089500000, 0x0000000089500000|100%| O|  |TAMS 0x0000000089400000, 0x0000000089400000| Untracked 
|   1|0x0000000089500000, 0x0000000089600000, 0x0000000089600000|100%| O|  |TAMS 0x0000000089600000, 0x0000000089500000| Untracked 
|   2|0x0000000089600000, 0x0000000089700000, 0x0000000089700000|100%| O|  |TAMS 0x0000000089700000, 0x0000000089600000| Untracked 
|   3|0x0000000089700000, 0x0000000089800000, 0x0000000089800000|100%| O|  |TAMS 0x0000000089800000, 0x0000000089700000| Untracked 
|   4|0x0000000089800000, 0x0000000089900000, 0x0000000089900000|100%| O|  |TAMS 0x0000000089900000, 0x0000000089800000| Untracked 
|   5|0x0000000089900000, 0x0000000089a00000, 0x0000000089a00000|100%| O|  |TAMS 0x0000000089a00000, 0x0000000089900000| Untracked 
|   6|0x0000000089a00000, 0x0000000089b00000, 0x0000000089b00000|100%| O|  |TAMS 0x0000000089b00000, 0x0000000089a00000| Untracked 
|   7|0x0000000089b00000, 0x0000000089c00000, 0x0000000089c00000|100%|HS|  |TAMS 0x0000000089c00000, 0x0000000089b00000| Complete 
|   8|0x0000000089c00000, 0x0000000089d00000, 0x0000000089d00000|100%|HC|  |TAMS 0x0000000089d00000, 0x0000000089c00000| Complete 
|   9|0x0000000089d00000, 0x0000000089e00000, 0x0000000089e00000|100%|HC|  |TAMS 0x0000000089e00000, 0x0000000089d00000| Complete 
|  10|0x0000000089e00000, 0x0000000089f00000, 0x0000000089f00000|100%|HC|  |TAMS 0x0000000089f00000, 0x0000000089e00000| Complete 
|  11|0x0000000089f00000, 0x000000008a000000, 0x000000008a000000|100%|HC|  |TAMS 0x000000008a000000, 0x0000000089f00000| Complete 
|  12|0x000000008a000000, 0x000000008a100000, 0x000000008a100000|100%|HC|  |TAMS 0x000000008a100000, 0x000000008a000000| Complete 
|  13|0x000000008a100000, 0x000000008a200000, 0x000000008a200000|100%|HC|  |TAMS 0x000000008a200000, 0x000000008a100000| Complete 
|  14|0x000000008a200000, 0x000000008a300000, 0x000000008a300000|100%| O|  |TAMS 0x000000008a300000, 0x000000008a200000| Untracked 
|  15|0x000000008a300000, 0x000000008a400000, 0x000000008a400000|100%| O|  |TAMS 0x000000008a400000, 0x000000008a300000| Untracked 
|  16|0x000000008a400000, 0x000000008a500000, 0x000000008a500000|100%| O|  |TAMS 0x000000008a500000, 0x000000008a400000| Untracked 
|  17|0x000000008a500000, 0x000000008a600000, 0x000000008a600000|100%| O|  |TAMS 0x000000008a600000, 0x000000008a500000| Untracked 
|  18|0x000000008a600000, 0x000000008a700000, 0x000000008a700000|100%| O|  |TAMS 0x000000008a700000, 0x000000008a600000| Untracked 
|  19|0x000000008a700000, 0x000000008a800000, 0x000000008a800000|100%| O|  |TAMS 0x000000008a800000, 0x000000008a700000| Untracked 
|  20|0x000000008a800000, 0x000000008a900000, 0x000000008a900000|100%| O|  |TAMS 0x000000008a900000, 0x000000008a800000| Untracked 
|  21|0x000000008a900000, 0x000000008aa00000, 0x000000008aa00000|100%| O|  |TAMS 0x000000008aa00000, 0x000000008a900000| Untracked 
|  22|0x000000008aa00000, 0x000000008ab00000, 0x000000008ab00000|100%| O|  |TAMS 0x000000008ab00000, 0x000000008aa00000| Untracked 
|  23|0x000000008ab00000, 0x000000008ac00000, 0x000000008ac00000|100%| O|  |TAMS 0x000000008ac00000, 0x000000008ab00000| Untracked 
|  24|0x000000008ac00000, 0x000000008ad00000, 0x000000008ad00000|100%| O|  |TAMS 0x000000008ad00000, 0x000000008ac00000| Untracked 
|  25|0x000000008ad00000, 0x000000008ae00000, 0x000000008ae00000|100%| O|  |TAMS 0x000000008ae00000, 0x000000008ad00000| Untracked 
|  26|0x000000008ae00000, 0x000000008af00000, 0x000000008af00000|100%| O|  |TAMS 0x000000008af00000, 0x000000008ae00000| Untracked 
|  27|0x000000008af00000, 0x000000008b000000, 0x000000008b000000|100%| O|  |TAMS 0x000000008b000000, 0x000000008af00000| Untracked 
|  28|0x000000008b000000, 0x000000008b100000, 0x000000008b100000|100%| O|  |TAMS 0x000000008b100000, 0x000000008b000000| Untracked 
|  29|0x000000008b100000, 0x000000008b200000, 0x000000008b200000|100%|HS|  |TAMS 0x000000008b200000, 0x000000008b100000| Complete 
|  30|0x000000008b200000, 0x000000008b300000, 0x000000008b300000|100%|HC|  |TAMS 0x000000008b300000, 0x000000008b200000| Complete 
|  31|0x000000008b300000, 0x000000008b400000, 0x000000008b400000|100%|HC|  |TAMS 0x000000008b400000, 0x000000008b300000| Complete 
|  32|0x000000008b400000, 0x000000008b500000, 0x000000008b500000|100%|HC|  |TAMS 0x000000008b500000, 0x000000008b400000| Complete 
|  33|0x000000008b500000, 0x000000008b600000, 0x000000008b600000|100%|HC|  |TAMS 0x000000008b600000, 0x000000008b500000| Complete 
|  34|0x000000008b600000, 0x000000008b700000, 0x000000008b700000|100%|HC|  |TAMS 0x000000008b700000, 0x000000008b600000| Complete 
|  35|0x000000008b700000, 0x000000008b800000, 0x000000008b800000|100%|HC|  |TAMS 0x000000008b800000, 0x000000008b700000| Complete 
|  36|0x000000008b800000, 0x000000008b900000, 0x000000008b900000|100%|HC|  |TAMS 0x000000008b900000, 0x000000008b800000| Complete 
|  37|0x000000008b900000, 0x000000008ba00000, 0x000000008ba00000|100%|HC|  |TAMS 0x000000008ba00000, 0x000000008b900000| Complete 
|  38|0x000000008ba00000, 0x000000008bb00000, 0x000000008bb00000|100%|HC|  |TAMS 0x000000008bb00000, 0x000000008ba00000| Complete 
|  39|0x000000008bb00000, 0x000000008bc00000, 0x000000008bc00000|100%|HC|  |TAMS 0x000000008bc00000, 0x000000008bb00000| Complete 
|  40|0x000000008bc00000, 0x000000008bd00000, 0x000000008bd00000|100%|HC|  |TAMS 0x000000008bd00000, 0x000000008bc00000| Complete 
|  41|0x000000008bd00000, 0x000000008be00000, 0x000000008be00000|100%|HC|  |TAMS 0x000000008be00000, 0x000000008bd00000| Complete 
|  42|0x000000008be00000, 0x000000008bf00000, 0x000000008bf00000|100%|HC|  |TAMS 0x000000008bf00000, 0x000000008be00000| Complete 
|  43|0x000000008bf00000, 0x000000008c000000, 0x000000008c000000|100%|HC|  |TAMS 0x000000008c000000, 0x000000008bf00000| Complete 
|  44|0x000000008c000000, 0x000000008c100000, 0x000000008c100000|100%|HC|  |TAMS 0x000000008c100000, 0x000000008c000000| Complete 
|  45|0x000000008c100000, 0x000000008c200000, 0x000000008c200000|100%|HC|  |TAMS 0x000000008c200000, 0x000000008c100000| Complete 
|  46|0x000000008c200000, 0x000000008c300000, 0x000000008c300000|100%|HC|  |TAMS 0x000000008c300000, 0x000000008c200000| Complete 
|  47|0x000000008c300000, 0x000000008c400000, 0x000000008c400000|100%|HC|  |TAMS 0x000000008c400000, 0x000000008c300000| Complete 
|  48|0x000000008c400000, 0x000000008c500000, 0x000000008c500000|100%|HC|  |TAMS 0x000000008c500000, 0x000000008c400000| Complete 
|  49|0x000000008c500000, 0x000000008c600000, 0x000000008c600000|100%|HC|  |TAMS 0x000000008c600000, 0x000000008c500000| Complete 
|  50|0x000000008c600000, 0x000000008c700000, 0x000000008c700000|100%|HC|  |TAMS 0x000000008c700000, 0x000000008c600000| Complete 
|  51|0x000000008c700000, 0x000000008c800000, 0x000000008c800000|100%|HC|  |TAMS 0x000000008c800000, 0x000000008c700000| Complete 
|  52|0x000000008c800000, 0x000000008c900000, 0x000000008c900000|100%|HC|  |TAMS 0x000000008c900000, 0x000000008c800000| Complete 
|  53|0x000000008c900000, 0x000000008ca00000, 0x000000008ca00000|100%|HC|  |TAMS 0x000000008ca00000, 0x000000008c900000| Complete 
|  54|0x000000008ca00000, 0x000000008cb00000, 0x000000008cb00000|100%|HC|  |TAMS 0x000000008cb00000, 0x000000008ca00000| Complete 
|  55|0x000000008cb00000, 0x000000008cc00000, 0x000000008cc00000|100%|HC|  |TAMS 0x000000008cc00000, 0x000000008cb00000| Complete 
|  56|0x000000008cc00000, 0x000000008cd00000, 0x000000008cd00000|100%|HC|  |TAMS 0x000000008cd00000, 0x000000008cc00000| Complete 
|  57|0x000000008cd00000, 0x000000008ce00000, 0x000000008ce00000|100%|HC|  |TAMS 0x000000008ce00000, 0x000000008cd00000| Complete 
|  58|0x000000008ce00000, 0x000000008cf00000, 0x000000008cf00000|100%| O|  |TAMS 0x000000008cf00000, 0x000000008ce00000| Untracked 
|  59|0x000000008cf00000, 0x000000008d000000, 0x000000008d000000|100%| O|  |TAMS 0x000000008d000000, 0x000000008cf00000| Untracked 
|  60|0x000000008d000000, 0x000000008d100000, 0x000000008d100000|100%| O|  |TAMS 0x000000008d100000, 0x000000008d000000| Untracked 
|  61|0x000000008d100000, 0x000000008d200000, 0x000000008d200000|100%| O|  |TAMS 0x000000008d200000, 0x000000008d100000| Untracked 
|  62|0x000000008d200000, 0x000000008d300000, 0x000000008d300000|100%| O|  |TAMS 0x000000008d300000, 0x000000008d200000| Untracked 
|  63|0x000000008d300000, 0x000000008d400000, 0x000000008d400000|100%| O|  |TAMS 0x000000008d400000, 0x000000008d300000| Untracked 
|  64|0x000000008d400000, 0x000000008d500000, 0x000000008d500000|100%| O|  |TAMS 0x000000008d400000, 0x000000008d400000| Untracked 
|  65|0x000000008d500000, 0x000000008d600000, 0x000000008d600000|100%| O|  |TAMS 0x000000008d600000, 0x000000008d500000| Untracked 
|  66|0x000000008d600000, 0x000000008d700000, 0x000000008d700000|100%| O|  |TAMS 0x000000008d700000, 0x000000008d600000| Untracked 
|  67|0x000000008d700000, 0x000000008d800000, 0x000000008d800000|100%| O|  |TAMS 0x000000008d800000, 0x000000008d700000| Untracked 
|  68|0x000000008d800000, 0x000000008d900000, 0x000000008d900000|100%| O|  |TAMS 0x000000008d900000, 0x000000008d800000| Untracked 
|  69|0x000000008d900000, 0x000000008da00000, 0x000000008da00000|100%|HS|  |TAMS 0x000000008da00000, 0x000000008d900000| Complete 
|  70|0x000000008da00000, 0x000000008db00000, 0x000000008db00000|100%|HC|  |TAMS 0x000000008db00000, 0x000000008da00000| Complete 
|  71|0x000000008db00000, 0x000000008dc00000, 0x000000008dc00000|100%|HS|  |TAMS 0x000000008dc00000, 0x000000008db00000| Complete 
|  72|0x000000008dc00000, 0x000000008dd00000, 0x000000008dd00000|100%|HC|  |TAMS 0x000000008dd00000, 0x000000008dc00000| Complete 
|  73|0x000000008dd00000, 0x000000008de00000, 0x000000008de00000|100%| O|  |TAMS 0x000000008de00000, 0x000000008dd00000| Untracked 
|  74|0x000000008de00000, 0x000000008df00000, 0x000000008df00000|100%| O|  |TAMS 0x000000008df00000, 0x000000008de00000| Untracked 
|  75|0x000000008df00000, 0x000000008e000000, 0x000000008e000000|100%| O|  |TAMS 0x000000008e000000, 0x000000008df00000| Untracked 
|  76|0x000000008e000000, 0x000000008e100000, 0x000000008e100000|100%| O|  |TAMS 0x000000008e100000, 0x000000008e000000| Untracked 
|  77|0x000000008e100000, 0x000000008e200000, 0x000000008e200000|100%| O|  |TAMS 0x000000008e200000, 0x000000008e100000| Untracked 
|  78|0x000000008e200000, 0x000000008e300000, 0x000000008e300000|100%| O|  |TAMS 0x000000008e300000, 0x000000008e200000| Untracked 
|  79|0x000000008e300000, 0x000000008e400000, 0x000000008e400000|100%| O|  |TAMS 0x000000008e400000, 0x000000008e300000| Untracked 
|  80|0x000000008e400000, 0x000000008e500000, 0x000000008e500000|100%| O|  |TAMS 0x000000008e500000, 0x000000008e400000| Untracked 
|  81|0x000000008e500000, 0x000000008e600000, 0x000000008e600000|100%| O|  |TAMS 0x000000008e600000, 0x000000008e500000| Untracked 
|  82|0x000000008e600000, 0x000000008e700000, 0x000000008e700000|100%| O|  |TAMS 0x000000008e700000, 0x000000008e600000| Untracked 
|  83|0x000000008e700000, 0x000000008e800000, 0x000000008e800000|100%| O|  |TAMS 0x000000008e800000, 0x000000008e700000| Untracked 
|  84|0x000000008e800000, 0x000000008e900000, 0x000000008e900000|100%| O|  |TAMS 0x000000008e900000, 0x000000008e800000| Untracked 
|  85|0x000000008e900000, 0x000000008ea00000, 0x000000008ea00000|100%| O|  |TAMS 0x000000008ea00000, 0x000000008e900000| Untracked 
|  86|0x000000008ea00000, 0x000000008eb00000, 0x000000008eb00000|100%| O|  |TAMS 0x000000008eb00000, 0x000000008ea00000| Untracked 
|  87|0x000000008eb00000, 0x000000008ec00000, 0x000000008ec00000|100%| O|  |TAMS 0x000000008ec00000, 0x000000008eb00000| Untracked 
|  88|0x000000008ec00000, 0x000000008ed00000, 0x000000008ed00000|100%| O|  |TAMS 0x000000008ed00000, 0x000000008ec00000| Untracked 
|  89|0x000000008ed00000, 0x000000008ee00000, 0x000000008ee00000|100%| O|  |TAMS 0x000000008ee00000, 0x000000008ed00000| Untracked 
|  90|0x000000008ee00000, 0x000000008ef00000, 0x000000008ef00000|100%| O|  |TAMS 0x000000008ef00000, 0x000000008ee00000| Untracked 
|  91|0x000000008ef00000, 0x000000008f000000, 0x000000008f000000|100%| O|  |TAMS 0x000000008f000000, 0x000000008ef00000| Untracked 
|  92|0x000000008f000000, 0x000000008f100000, 0x000000008f100000|100%| O|  |TAMS 0x000000008f100000, 0x000000008f000000| Untracked 
|  93|0x000000008f100000, 0x000000008f200000, 0x000000008f200000|100%| O|  |TAMS 0x000000008f200000, 0x000000008f100000| Untracked 
|  94|0x000000008f200000, 0x000000008f300000, 0x000000008f300000|100%| O|  |TAMS 0x000000008f300000, 0x000000008f200000| Untracked 
|  95|0x000000008f300000, 0x000000008f400000, 0x000000008f400000|100%| O|  |TAMS 0x000000008f400000, 0x000000008f300000| Untracked 
|  96|0x000000008f400000, 0x000000008f500000, 0x000000008f500000|100%| O|  |TAMS 0x000000008f500000, 0x000000008f400000| Untracked 
|  97|0x000000008f500000, 0x000000008f600000, 0x000000008f600000|100%| O|  |TAMS 0x000000008f600000, 0x000000008f500000| Untracked 
|  98|0x000000008f600000, 0x000000008f700000, 0x000000008f700000|100%| O|  |TAMS 0x000000008f700000, 0x000000008f600000| Untracked 
|  99|0x000000008f700000, 0x000000008f800000, 0x000000008f800000|100%| O|  |TAMS 0x000000008f800000, 0x000000008f700000| Untracked 
| 100|0x000000008f800000, 0x000000008f900000, 0x000000008f900000|100%| O|  |TAMS 0x000000008f900000, 0x000000008f800000| Untracked 
| 101|0x000000008f900000, 0x000000008fa00000, 0x000000008fa00000|100%| O|  |TAMS 0x000000008fa00000, 0x000000008f900000| Untracked 
| 102|0x000000008fa00000, 0x000000008fb00000, 0x000000008fb00000|100%| O|  |TAMS 0x000000008fb00000, 0x000000008fa00000| Untracked 
| 103|0x000000008fb00000, 0x000000008fc00000, 0x000000008fc00000|100%| O|  |TAMS 0x000000008fc00000, 0x000000008fb00000| Untracked 
| 104|0x000000008fc00000, 0x000000008fd00000, 0x000000008fd00000|100%| O|  |TAMS 0x000000008fd00000, 0x000000008fc00000| Untracked 
| 105|0x000000008fd00000, 0x000000008fe00000, 0x000000008fe00000|100%| O|  |TAMS 0x000000008fe00000, 0x000000008fd00000| Untracked 
| 106|0x000000008fe00000, 0x000000008ff00000, 0x000000008ff00000|100%| O|  |TAMS 0x000000008ff00000, 0x000000008fe00000| Untracked 
| 107|0x000000008ff00000, 0x0000000090000000, 0x0000000090000000|100%| O|  |TAMS 0x0000000090000000, 0x000000008ff00000| Untracked 
| 108|0x0000000090000000, 0x0000000090100000, 0x0000000090100000|100%| O|  |TAMS 0x0000000090100000, 0x0000000090000000| Untracked 
| 109|0x0000000090100000, 0x0000000090200000, 0x0000000090200000|100%| O|  |TAMS 0x0000000090200000, 0x0000000090100000| Untracked 
| 110|0x0000000090200000, 0x0000000090300000, 0x0000000090300000|100%| O|  |TAMS 0x0000000090300000, 0x0000000090200000| Untracked 
| 111|0x0000000090300000, 0x0000000090400000, 0x0000000090400000|100%| O|  |TAMS 0x0000000090400000, 0x0000000090300000| Untracked 
| 112|0x0000000090400000, 0x0000000090500000, 0x0000000090500000|100%| O|  |TAMS 0x0000000090500000, 0x0000000090400000| Untracked 
| 113|0x0000000090500000, 0x0000000090600000, 0x0000000090600000|100%| O|  |TAMS 0x0000000090600000, 0x0000000090500000| Untracked 
| 114|0x0000000090600000, 0x0000000090700000, 0x0000000090700000|100%| O|  |TAMS 0x0000000090700000, 0x0000000090600000| Untracked 
| 115|0x0000000090700000, 0x0000000090800000, 0x0000000090800000|100%| O|  |TAMS 0x0000000090800000, 0x0000000090700000| Untracked 
| 116|0x0000000090800000, 0x0000000090900000, 0x0000000090900000|100%| O|  |TAMS 0x0000000090900000, 0x0000000090800000| Untracked 
| 117|0x0000000090900000, 0x0000000090a00000, 0x0000000090a00000|100%| O|  |TAMS 0x0000000090a00000, 0x0000000090900000| Untracked 
| 118|0x0000000090a00000, 0x0000000090b00000, 0x0000000090b00000|100%| O|  |TAMS 0x0000000090b00000, 0x0000000090a00000| Untracked 
| 119|0x0000000090b00000, 0x0000000090b00000, 0x0000000090c00000|  0%| F|  |TAMS 0x0000000090b00000, 0x0000000090b00000| Untracked 
| 120|0x0000000090c00000, 0x0000000090d00000, 0x0000000090d00000|100%| O|  |TAMS 0x0000000090c00000, 0x0000000090c00000| Untracked 
| 121|0x0000000090d00000, 0x0000000090e00000, 0x0000000090e00000|100%| O|  |TAMS 0x0000000090d00000, 0x0000000090d00000| Untracked 
| 122|0x0000000090e00000, 0x0000000090f00000, 0x0000000090f00000|100%| O|  |TAMS 0x0000000090e00000, 0x0000000090e00000| Untracked 
| 123|0x0000000090f00000, 0x0000000091000000, 0x0000000091000000|100%| O|  |TAMS 0x0000000090f00000, 0x0000000090f00000| Untracked 
| 124|0x0000000091000000, 0x0000000091100000, 0x0000000091100000|100%| O|  |TAMS 0x0000000091000000, 0x0000000091000000| Untracked 
| 125|0x0000000091100000, 0x0000000091200000, 0x0000000091200000|100%| O|  |TAMS 0x0000000091100000, 0x0000000091100000| Untracked 
| 126|0x0000000091200000, 0x0000000091300000, 0x0000000091300000|100%| O|  |TAMS 0x0000000091200000, 0x0000000091200000| Untracked 
| 127|0x0000000091300000, 0x0000000091400000, 0x0000000091400000|100%| O|  |TAMS 0x0000000091300000, 0x0000000091300000| Untracked 
| 128|0x0000000091400000, 0x0000000091500000, 0x0000000091500000|100%| O|  |TAMS 0x0000000091400000, 0x0000000091400000| Untracked 
| 129|0x0000000091500000, 0x0000000091600000, 0x0000000091600000|100%| O|  |TAMS 0x0000000091500000, 0x0000000091500000| Untracked 
| 130|0x0000000091600000, 0x0000000091700000, 0x0000000091700000|100%| O|  |TAMS 0x0000000091600000, 0x0000000091600000| Untracked 
| 131|0x0000000091700000, 0x0000000091800000, 0x0000000091800000|100%| O|  |TAMS 0x0000000091700000, 0x0000000091700000| Untracked 
| 132|0x0000000091800000, 0x0000000091900000, 0x0000000091900000|100%| O|  |TAMS 0x0000000091800000, 0x0000000091800000| Untracked 
| 133|0x0000000091900000, 0x0000000091a00000, 0x0000000091a00000|100%| O|  |TAMS 0x0000000091900000, 0x0000000091900000| Untracked 
| 134|0x0000000091a00000, 0x0000000091b00000, 0x0000000091b00000|100%| O|  |TAMS 0x0000000091a00000, 0x0000000091a00000| Untracked 
| 135|0x0000000091b00000, 0x0000000091c00000, 0x0000000091c00000|100%| O|  |TAMS 0x0000000091b00000, 0x0000000091b00000| Untracked 
| 136|0x0000000091c00000, 0x0000000091d00000, 0x0000000091d00000|100%| O|  |TAMS 0x0000000091c00000, 0x0000000091c00000| Untracked 
| 137|0x0000000091d00000, 0x0000000091e00000, 0x0000000091e00000|100%| O|  |TAMS 0x0000000091d00000, 0x0000000091d00000| Untracked 
| 138|0x0000000091e00000, 0x0000000091f00000, 0x0000000091f00000|100%| O|  |TAMS 0x0000000091e00000, 0x0000000091e00000| Untracked 
| 139|0x0000000091f00000, 0x0000000092000000, 0x0000000092000000|100%| O|  |TAMS 0x0000000091f00000, 0x0000000091f00000| Untracked 
| 140|0x0000000092000000, 0x0000000092100000, 0x0000000092100000|100%| O|  |TAMS 0x0000000092000000, 0x0000000092000000| Untracked 
| 141|0x0000000092100000, 0x0000000092200000, 0x0000000092200000|100%| O|  |TAMS 0x0000000092100000, 0x0000000092100000| Untracked 
| 142|0x0000000092200000, 0x0000000092300000, 0x0000000092300000|100%| O|  |TAMS 0x0000000092200000, 0x0000000092200000| Untracked 
| 143|0x0000000092300000, 0x0000000092400000, 0x0000000092400000|100%| O|  |TAMS 0x0000000092300000, 0x0000000092300000| Untracked 
| 144|0x0000000092400000, 0x0000000092500000, 0x0000000092500000|100%| O|  |TAMS 0x0000000092400000, 0x0000000092400000| Untracked 
| 145|0x0000000092500000, 0x0000000092600000, 0x0000000092600000|100%| O|  |TAMS 0x0000000092500000, 0x0000000092500000| Untracked 
| 146|0x0000000092600000, 0x0000000092700000, 0x0000000092700000|100%| O|  |TAMS 0x0000000092600000, 0x0000000092600000| Untracked 
| 147|0x0000000092700000, 0x0000000092800000, 0x0000000092800000|100%| O|  |TAMS 0x0000000092700000, 0x0000000092700000| Untracked 
| 148|0x0000000092800000, 0x0000000092900000, 0x0000000092900000|100%| O|  |TAMS 0x0000000092800000, 0x0000000092800000| Untracked 
| 149|0x0000000092900000, 0x0000000092a00000, 0x0000000092a00000|100%| O|  |TAMS 0x0000000092900000, 0x0000000092900000| Untracked 
| 150|0x0000000092a00000, 0x0000000092b00000, 0x0000000092b00000|100%| O|  |TAMS 0x0000000092a00000, 0x0000000092a00000| Untracked 
| 151|0x0000000092b00000, 0x0000000092c00000, 0x0000000092c00000|100%| O|  |TAMS 0x0000000092b00000, 0x0000000092b00000| Untracked 
| 152|0x0000000092c00000, 0x0000000092d00000, 0x0000000092d00000|100%| O|  |TAMS 0x0000000092c00000, 0x0000000092c00000| Untracked 
| 153|0x0000000092d00000, 0x0000000092e00000, 0x0000000092e00000|100%| O|  |TAMS 0x0000000092d00000, 0x0000000092d00000| Untracked 
| 154|0x0000000092e00000, 0x0000000092f00000, 0x0000000092f00000|100%| O|  |TAMS 0x0000000092e00000, 0x0000000092e00000| Untracked 
| 155|0x0000000092f00000, 0x0000000093000000, 0x0000000093000000|100%| O|  |TAMS 0x0000000092f00000, 0x0000000092f00000| Untracked 
| 156|0x0000000093000000, 0x0000000093100000, 0x0000000093100000|100%| O|  |TAMS 0x0000000093000000, 0x0000000093000000| Untracked 
| 157|0x0000000093100000, 0x0000000093200000, 0x0000000093200000|100%| O|  |TAMS 0x0000000093100000, 0x0000000093100000| Untracked 
| 158|0x0000000093200000, 0x0000000093300000, 0x0000000093300000|100%| O|  |TAMS 0x0000000093200000, 0x0000000093200000| Untracked 
| 159|0x0000000093300000, 0x0000000093400000, 0x0000000093400000|100%| O|  |TAMS 0x0000000093300000, 0x0000000093300000| Untracked 
| 160|0x0000000093400000, 0x0000000093500000, 0x0000000093500000|100%| O|  |TAMS 0x0000000093400000, 0x0000000093400000| Untracked 
| 161|0x0000000093500000, 0x0000000093600000, 0x0000000093600000|100%| O|  |TAMS 0x0000000093500000, 0x0000000093500000| Untracked 
| 162|0x0000000093600000, 0x0000000093700000, 0x0000000093700000|100%| O|  |TAMS 0x0000000093600000, 0x0000000093600000| Untracked 
| 163|0x0000000093700000, 0x0000000093800000, 0x0000000093800000|100%| O|  |TAMS 0x0000000093700000, 0x0000000093700000| Untracked 
| 164|0x0000000093800000, 0x0000000093880000, 0x0000000093900000| 50%| O|  |TAMS 0x0000000093800000, 0x0000000093800000| Untracked 
| 165|0x0000000093900000, 0x0000000093900000, 0x0000000093a00000|  0%| F|  |TAMS 0x0000000093900000, 0x0000000093900000| Untracked 
| 166|0x0000000093a00000, 0x0000000093a00000, 0x0000000093b00000|  0%| F|  |TAMS 0x0000000093a00000, 0x0000000093a00000| Untracked 
| 167|0x0000000093b00000, 0x0000000093b00000, 0x0000000093c00000|  0%| F|  |TAMS 0x0000000093b00000, 0x0000000093b00000| Untracked 
| 168|0x0000000093c00000, 0x0000000093c00000, 0x0000000093d00000|  0%| F|  |TAMS 0x0000000093c00000, 0x0000000093c00000| Untracked 
| 169|0x0000000093d00000, 0x0000000093d00000, 0x0000000093e00000|  0%| F|  |TAMS 0x0000000093d00000, 0x0000000093d00000| Untracked 
| 170|0x0000000093e00000, 0x0000000093e00000, 0x0000000093f00000|  0%| F|  |TAMS 0x0000000093e00000, 0x0000000093e00000| Untracked 
| 171|0x0000000093f00000, 0x0000000093f00000, 0x0000000094000000|  0%| F|  |TAMS 0x0000000093f00000, 0x0000000093f00000| Untracked 
| 172|0x0000000094000000, 0x0000000094000000, 0x0000000094100000|  0%| F|  |TAMS 0x0000000094000000, 0x0000000094000000| Untracked 
| 173|0x0000000094100000, 0x0000000094100000, 0x0000000094200000|  0%| F|  |TAMS 0x0000000094100000, 0x0000000094100000| Untracked 
| 174|0x0000000094200000, 0x0000000094200000, 0x0000000094300000|  0%| F|  |TAMS 0x0000000094200000, 0x0000000094200000| Untracked 
| 175|0x0000000094300000, 0x0000000094300000, 0x0000000094400000|  0%| F|  |TAMS 0x0000000094300000, 0x0000000094300000| Untracked 
| 176|0x0000000094400000, 0x0000000094400000, 0x0000000094500000|  0%| F|  |TAMS 0x0000000094400000, 0x0000000094400000| Untracked 
| 177|0x0000000094500000, 0x0000000094500000, 0x0000000094600000|  0%| F|  |TAMS 0x0000000094500000, 0x0000000094500000| Untracked 
| 178|0x0000000094600000, 0x0000000094600000, 0x0000000094700000|  0%| F|  |TAMS 0x0000000094600000, 0x0000000094600000| Untracked 
| 179|0x0000000094700000, 0x0000000094700000, 0x0000000094800000|  0%| F|  |TAMS 0x0000000094700000, 0x0000000094700000| Untracked 
| 180|0x0000000094800000, 0x0000000094800000, 0x0000000094900000|  0%| F|  |TAMS 0x0000000094800000, 0x0000000094800000| Untracked 
| 181|0x0000000094900000, 0x0000000094900000, 0x0000000094a00000|  0%| F|  |TAMS 0x0000000094900000, 0x0000000094900000| Untracked 
| 182|0x0000000094a00000, 0x0000000094a00000, 0x0000000094b00000|  0%| F|  |TAMS 0x0000000094a00000, 0x0000000094a00000| Untracked 
| 183|0x0000000094b00000, 0x0000000094b00000, 0x0000000094c00000|  0%| F|  |TAMS 0x0000000094b00000, 0x0000000094b00000| Untracked 
| 184|0x0000000094c00000, 0x0000000094c00000, 0x0000000094d00000|  0%| F|  |TAMS 0x0000000094c00000, 0x0000000094c00000| Untracked 
| 185|0x0000000094d00000, 0x0000000094d00000, 0x0000000094e00000|  0%| F|  |TAMS 0x0000000094d00000, 0x0000000094d00000| Untracked 
| 186|0x0000000094e00000, 0x0000000094e00000, 0x0000000094f00000|  0%| F|  |TAMS 0x0000000094e00000, 0x0000000094e00000| Untracked 
| 187|0x0000000094f00000, 0x0000000094f00000, 0x0000000095000000|  0%| F|  |TAMS 0x0000000094f00000, 0x0000000094f00000| Untracked 
| 188|0x0000000095000000, 0x0000000095000000, 0x0000000095100000|  0%| F|  |TAMS 0x0000000095000000, 0x0000000095000000| Untracked 
| 189|0x0000000095100000, 0x0000000095100000, 0x0000000095200000|  0%| F|  |TAMS 0x0000000095100000, 0x0000000095100000| Untracked 
| 190|0x0000000095200000, 0x0000000095200000, 0x0000000095300000|  0%| F|  |TAMS 0x0000000095200000, 0x0000000095200000| Untracked 
| 191|0x0000000095300000, 0x0000000095300000, 0x0000000095400000|  0%| F|  |TAMS 0x0000000095300000, 0x0000000095300000| Untracked 
| 192|0x0000000095400000, 0x0000000095400000, 0x0000000095500000|  0%| F|  |TAMS 0x0000000095400000, 0x0000000095400000| Untracked 
| 193|0x0000000095500000, 0x0000000095500000, 0x0000000095600000|  0%| F|  |TAMS 0x0000000095500000, 0x0000000095500000| Untracked 
| 194|0x0000000095600000, 0x0000000095600000, 0x0000000095700000|  0%| F|  |TAMS 0x0000000095600000, 0x0000000095600000| Untracked 
| 195|0x0000000095700000, 0x0000000095700000, 0x0000000095800000|  0%| F|  |TAMS 0x0000000095700000, 0x0000000095700000| Untracked 
| 196|0x0000000095800000, 0x0000000095800000, 0x0000000095900000|  0%| F|  |TAMS 0x0000000095800000, 0x0000000095800000| Untracked 
| 197|0x0000000095900000, 0x0000000095900000, 0x0000000095a00000|  0%| F|  |TAMS 0x0000000095900000, 0x0000000095900000| Untracked 
| 198|0x0000000095a00000, 0x0000000095a00000, 0x0000000095b00000|  0%| F|  |TAMS 0x0000000095a00000, 0x0000000095a00000| Untracked 
| 199|0x0000000095b00000, 0x0000000095b00000, 0x0000000095c00000|  0%| F|  |TAMS 0x0000000095b00000, 0x0000000095b00000| Untracked 
| 200|0x0000000095c00000, 0x0000000095c00000, 0x0000000095d00000|  0%| F|  |TAMS 0x0000000095c00000, 0x0000000095c00000| Untracked 
| 201|0x0000000095d00000, 0x0000000095d00000, 0x0000000095e00000|  0%| F|  |TAMS 0x0000000095d00000, 0x0000000095d00000| Untracked 
| 202|0x0000000095e00000, 0x0000000095e00000, 0x0000000095f00000|  0%| F|  |TAMS 0x0000000095e00000, 0x0000000095e00000| Untracked 
| 203|0x0000000095f00000, 0x0000000095f00000, 0x0000000096000000|  0%| F|  |TAMS 0x0000000095f00000, 0x0000000095f00000| Untracked 
| 204|0x0000000096000000, 0x0000000096000000, 0x0000000096100000|  0%| F|  |TAMS 0x0000000096000000, 0x0000000096000000| Untracked 
| 205|0x0000000096100000, 0x0000000096100000, 0x0000000096200000|  0%| F|  |TAMS 0x0000000096100000, 0x0000000096100000| Untracked 
| 206|0x0000000096200000, 0x0000000096200000, 0x0000000096300000|  0%| F|  |TAMS 0x0000000096200000, 0x0000000096200000| Untracked 
| 207|0x0000000096300000, 0x0000000096300000, 0x0000000096400000|  0%| F|  |TAMS 0x0000000096300000, 0x0000000096300000| Untracked 
| 208|0x0000000096400000, 0x0000000096400000, 0x0000000096500000|  0%| F|  |TAMS 0x0000000096400000, 0x0000000096400000| Untracked 
| 209|0x0000000096500000, 0x0000000096500000, 0x0000000096600000|  0%| F|  |TAMS 0x0000000096500000, 0x0000000096500000| Untracked 
| 210|0x0000000096600000, 0x0000000096600000, 0x0000000096700000|  0%| F|  |TAMS 0x0000000096600000, 0x0000000096600000| Untracked 
| 211|0x0000000096700000, 0x0000000096700000, 0x0000000096800000|  0%| F|  |TAMS 0x0000000096700000, 0x0000000096700000| Untracked 
| 212|0x0000000096800000, 0x0000000096800000, 0x0000000096900000|  0%| F|  |TAMS 0x0000000096800000, 0x0000000096800000| Untracked 
| 213|0x0000000096900000, 0x0000000096900000, 0x0000000096a00000|  0%| F|  |TAMS 0x0000000096900000, 0x0000000096900000| Untracked 
| 214|0x0000000096a00000, 0x0000000096a00000, 0x0000000096b00000|  0%| F|  |TAMS 0x0000000096a00000, 0x0000000096a00000| Untracked 
| 215|0x0000000096b00000, 0x0000000096b00000, 0x0000000096c00000|  0%| F|  |TAMS 0x0000000096b00000, 0x0000000096b00000| Untracked 
| 216|0x0000000096c00000, 0x0000000096c00000, 0x0000000096d00000|  0%| F|  |TAMS 0x0000000096c00000, 0x0000000096c00000| Untracked 
| 217|0x0000000096d00000, 0x0000000096d00000, 0x0000000096e00000|  0%| F|  |TAMS 0x0000000096d00000, 0x0000000096d00000| Untracked 
| 218|0x0000000096e00000, 0x0000000096e00000, 0x0000000096f00000|  0%| F|  |TAMS 0x0000000096e00000, 0x0000000096e00000| Untracked 
| 219|0x0000000096f00000, 0x0000000096f00000, 0x0000000097000000|  0%| F|  |TAMS 0x0000000096f00000, 0x0000000096f00000| Untracked 
| 220|0x0000000097000000, 0x0000000097000000, 0x0000000097100000|  0%| F|  |TAMS 0x0000000097000000, 0x0000000097000000| Untracked 
| 221|0x0000000097100000, 0x0000000097100000, 0x0000000097200000|  0%| F|  |TAMS 0x0000000097100000, 0x0000000097100000| Untracked 
| 222|0x0000000097200000, 0x0000000097200000, 0x0000000097300000|  0%| F|  |TAMS 0x0000000097200000, 0x0000000097200000| Untracked 
| 223|0x0000000097300000, 0x0000000097300000, 0x0000000097400000|  0%| F|  |TAMS 0x0000000097300000, 0x0000000097300000| Untracked 
| 224|0x0000000097400000, 0x0000000097400000, 0x0000000097500000|  0%| F|  |TAMS 0x0000000097400000, 0x0000000097400000| Untracked 
| 225|0x0000000097500000, 0x0000000097500000, 0x0000000097600000|  0%| F|  |TAMS 0x0000000097500000, 0x0000000097500000| Untracked 
| 226|0x0000000097600000, 0x0000000097600000, 0x0000000097700000|  0%| F|  |TAMS 0x0000000097600000, 0x0000000097600000| Untracked 
| 227|0x0000000097700000, 0x0000000097700000, 0x0000000097800000|  0%| F|  |TAMS 0x0000000097700000, 0x0000000097700000| Untracked 
| 228|0x0000000097800000, 0x0000000097800000, 0x0000000097900000|  0%| F|  |TAMS 0x0000000097800000, 0x0000000097800000| Untracked 
| 229|0x0000000097900000, 0x0000000097900000, 0x0000000097a00000|  0%| F|  |TAMS 0x0000000097900000, 0x0000000097900000| Untracked 
| 230|0x0000000097a00000, 0x0000000097a00000, 0x0000000097b00000|  0%| F|  |TAMS 0x0000000097a00000, 0x0000000097a00000| Untracked 
| 231|0x0000000097b00000, 0x0000000097b00000, 0x0000000097c00000|  0%| F|  |TAMS 0x0000000097b00000, 0x0000000097b00000| Untracked 
| 232|0x0000000097c00000, 0x0000000097c00000, 0x0000000097d00000|  0%| F|  |TAMS 0x0000000097c00000, 0x0000000097c00000| Untracked 
| 233|0x0000000097d00000, 0x0000000097d00000, 0x0000000097e00000|  0%| F|  |TAMS 0x0000000097d00000, 0x0000000097d00000| Untracked 
| 234|0x0000000097e00000, 0x0000000097e00000, 0x0000000097f00000|  0%| F|  |TAMS 0x0000000097e00000, 0x0000000097e00000| Untracked 
| 235|0x0000000097f00000, 0x0000000097f00000, 0x0000000098000000|  0%| F|  |TAMS 0x0000000097f00000, 0x0000000097f00000| Untracked 
| 236|0x0000000098000000, 0x0000000098000000, 0x0000000098100000|  0%| F|  |TAMS 0x0000000098000000, 0x0000000098000000| Untracked 
| 237|0x0000000098100000, 0x0000000098100000, 0x0000000098200000|  0%| F|  |TAMS 0x0000000098100000, 0x0000000098100000| Untracked 
| 238|0x0000000098200000, 0x0000000098200000, 0x0000000098300000|  0%| F|  |TAMS 0x0000000098200000, 0x0000000098200000| Untracked 
| 239|0x0000000098300000, 0x0000000098300000, 0x0000000098400000|  0%| F|  |TAMS 0x0000000098300000, 0x0000000098300000| Untracked 
| 240|0x0000000098400000, 0x0000000098400000, 0x0000000098500000|  0%| F|  |TAMS 0x0000000098400000, 0x0000000098400000| Untracked 
| 241|0x0000000098500000, 0x0000000098500000, 0x0000000098600000|  0%| F|  |TAMS 0x0000000098500000, 0x0000000098500000| Untracked 
| 242|0x0000000098600000, 0x0000000098600000, 0x0000000098700000|  0%| F|  |TAMS 0x0000000098600000, 0x0000000098600000| Untracked 
| 243|0x0000000098700000, 0x0000000098700000, 0x0000000098800000|  0%| F|  |TAMS 0x0000000098700000, 0x0000000098700000| Untracked 
| 244|0x0000000098800000, 0x0000000098800000, 0x0000000098900000|  0%| F|  |TAMS 0x0000000098800000, 0x0000000098800000| Untracked 
| 245|0x0000000098900000, 0x0000000098900000, 0x0000000098a00000|  0%| F|  |TAMS 0x0000000098900000, 0x0000000098900000| Untracked 
| 246|0x0000000098a00000, 0x0000000098a00000, 0x0000000098b00000|  0%| F|  |TAMS 0x0000000098a00000, 0x0000000098a00000| Untracked 
| 247|0x0000000098b00000, 0x0000000098b00000, 0x0000000098c00000|  0%| F|  |TAMS 0x0000000098b00000, 0x0000000098b00000| Untracked 
| 248|0x0000000098c00000, 0x0000000098c00000, 0x0000000098d00000|  0%| F|  |TAMS 0x0000000098c00000, 0x0000000098c00000| Untracked 
| 249|0x0000000098d00000, 0x0000000098d00000, 0x0000000098e00000|  0%| F|  |TAMS 0x0000000098d00000, 0x0000000098d00000| Untracked 
| 250|0x0000000098e00000, 0x0000000098e00000, 0x0000000098f00000|  0%| F|  |TAMS 0x0000000098e00000, 0x0000000098e00000| Untracked 
| 251|0x0000000098f00000, 0x0000000098f00000, 0x0000000099000000|  0%| F|  |TAMS 0x0000000098f00000, 0x0000000098f00000| Untracked 
| 252|0x0000000099000000, 0x0000000099000000, 0x0000000099100000|  0%| F|  |TAMS 0x0000000099000000, 0x0000000099000000| Untracked 
| 253|0x0000000099100000, 0x0000000099100000, 0x0000000099200000|  0%| F|  |TAMS 0x0000000099100000, 0x0000000099100000| Untracked 
| 254|0x0000000099200000, 0x0000000099200000, 0x0000000099300000|  0%| F|  |TAMS 0x0000000099200000, 0x0000000099200000| Untracked 
| 255|0x0000000099300000, 0x0000000099300000, 0x0000000099400000|  0%| F|  |TAMS 0x0000000099300000, 0x0000000099300000| Untracked 
| 256|0x0000000099400000, 0x0000000099400000, 0x0000000099500000|  0%| F|  |TAMS 0x0000000099400000, 0x0000000099400000| Untracked 
| 257|0x0000000099500000, 0x0000000099500000, 0x0000000099600000|  0%| F|  |TAMS 0x0000000099500000, 0x0000000099500000| Untracked 
| 258|0x0000000099600000, 0x0000000099600000, 0x0000000099700000|  0%| F|  |TAMS 0x0000000099600000, 0x0000000099600000| Untracked 
| 259|0x0000000099700000, 0x0000000099700000, 0x0000000099800000|  0%| F|  |TAMS 0x0000000099700000, 0x0000000099700000| Untracked 
| 260|0x0000000099800000, 0x0000000099900000, 0x0000000099900000|100%| S|CS|TAMS 0x0000000099800000, 0x0000000099800000| Complete 
| 261|0x0000000099900000, 0x0000000099a00000, 0x0000000099a00000|100%| S|CS|TAMS 0x0000000099900000, 0x0000000099900000| Complete 
| 262|0x0000000099a00000, 0x0000000099a00000, 0x0000000099b00000|  0%| F|  |TAMS 0x0000000099a00000, 0x0000000099a00000| Untracked 
| 263|0x0000000099b00000, 0x0000000099b00000, 0x0000000099c00000|  0%| F|  |TAMS 0x0000000099b00000, 0x0000000099b00000| Untracked 
| 264|0x0000000099c00000, 0x0000000099c00000, 0x0000000099d00000|  0%| F|  |TAMS 0x0000000099c00000, 0x0000000099c00000| Untracked 
| 265|0x0000000099d00000, 0x0000000099d00000, 0x0000000099e00000|  0%| F|  |TAMS 0x0000000099d00000, 0x0000000099d00000| Untracked 
| 266|0x0000000099e00000, 0x0000000099e00000, 0x0000000099f00000|  0%| F|  |TAMS 0x0000000099e00000, 0x0000000099e00000| Untracked 
| 267|0x0000000099f00000, 0x0000000099f00000, 0x000000009a000000|  0%| F|  |TAMS 0x0000000099f00000, 0x0000000099f00000| Untracked 
| 268|0x000000009a000000, 0x000000009a000000, 0x000000009a100000|  0%| F|  |TAMS 0x000000009a000000, 0x000000009a000000| Untracked 
| 269|0x000000009a100000, 0x000000009a100000, 0x000000009a200000|  0%| F|  |TAMS 0x000000009a100000, 0x000000009a100000| Untracked 

Card table byte_map: [0x000001c7e0570000,0x000001c7e0930000] _byte_map_base: 0x000001c7e0126000

Marking Bits (Prev, Next): (CMBitMap*) 0x000001c7cb592c30, (CMBitMap*) 0x000001c7cb592c70
 Prev Bits: [0x000001c7e0cf0000, 0x000001c7e2aa0000)
 Next Bits: [0x000001c7e2aa0000, 0x000001c7e4850000)

Polling page: 0x000001c7cb5f0000

Metaspace:

Usage:
  Non-class:      9.93 MB used.
      Class:      1.23 MB used.
       Both:     11.16 MB used.

Virtual space:
  Non-class space:       64.00 MB reserved,      10.00 MB ( 16%) committed,  1 nodes.
      Class space:        1.00 GB reserved,       1.31 MB ( <1%) committed,  1 nodes.
             Both:        1.06 GB reserved,      11.31 MB (  1%) committed. 

Chunk freelists:
   Non-Class:  5.42 MB
       Class:  14.69 MB
        Both:  20.12 MB

MaxMetaspaceSize: unlimited
CompressedClassSpaceSize: 1.00 GB
Initial GC threshold: 21.00 MB
Current GC threshold: 21.00 MB
CDS: off
MetaspaceReclaimPolicy: balanced
 - commit_granule_bytes: 65536.
 - commit_granule_words: 8192.
 - virtual_space_node_default_size: 8388608.
 - enlarge_chunks_in_place: 1.
 - new_chunks_are_fully_committed: 0.
 - uncommit_free_chunks: 1.
 - use_allocation_guard: 0.
 - handle_deallocations: 1.


Internal statistics:

num_allocs_failed_limit: 0.
num_arena_births: 32.
num_arena_deaths: 2.
num_vsnodes_births: 2.
num_vsnodes_deaths: 0.
num_space_committed: 181.
num_space_uncommitted: 0.
num_chunks_returned_to_freelist: 3.
num_chunks_taken_from_freelist: 190.
num_chunk_merges: 0.
num_chunk_splits: 126.
num_chunks_enlarged: 110.
num_inconsistent_stats: 0.

CodeHeap 'non-profiled nmethods': size=119168Kb used=880Kb max_used=880Kb free=118287Kb
 bounds [0x000001c7d7d80000, 0x000001c7d7ff0000, 0x000001c7df1e0000]
CodeHeap 'profiled nmethods': size=119104Kb used=2665Kb max_used=2665Kb free=116438Kb
 bounds [0x000001c7d01e0000, 0x000001c7d0480000, 0x000001c7d7630000]
CodeHeap 'non-nmethods': size=7488Kb used=2828Kb max_used=2875Kb free=4659Kb
 bounds [0x000001c7d7630000, 0x000001c7d7910000, 0x000001c7d7d80000]
 total_blobs=1864 nmethods=1439 adapters=335
 compilation: enabled
              stopped_count=0, restarted_count=0
 full_count=0

Compilation events (20 events):
Event: 1.859 Thread 0x000001c7ec0cc8e0 nmethod 1462 0x000001c7d7e58290 code [0x000001c7d7e58400, 0x000001c7d7e58498]
Event: 1.859 Thread 0x000001c7ec0cc8e0 1460       4       java.util.Collections$EmptyList::forEach (6 bytes)
Event: 1.859 Thread 0x000001c7ec0cc8e0 nmethod 1460 0x000001c7d7e58590 code [0x000001c7d7e58700, 0x000001c7d7e58798]
Event: 1.859 Thread 0x000001c7ec0cc8e0 1453       4       com.android.tools.r8.dex.n::d (36 bytes)
Event: 1.861 Thread 0x000001c7ec0cc8e0 nmethod 1453 0x000001c7d7e58890 code [0x000001c7d7e58a20, 0x000001c7d7e58b68]
Event: 1.861 Thread 0x000001c7ec0cc8e0 1454       4       com.android.tools.r8.dex.n$c::c (15 bytes)
Event: 1.861 Thread 0x000001c7ec0cc8e0 nmethod 1454 0x000001c7d7e58d10 code [0x000001c7d7e58e80, 0x000001c7d7e58f18]
Event: 1.862 Thread 0x000001c7ec0cc8e0 1458       4       com.android.tools.r8.dex.n$c::a (57 bytes)
Event: 1.866 Thread 0x000001c7ec0cc8e0 nmethod 1458 0x000001c7d7e59010 code [0x000001c7d7e591c0, 0x000001c7d7e59758]
Event: 1.866 Thread 0x000001c7ec0cc8e0 1448       4       com.android.tools.r8.dex.n::f (15 bytes)
Event: 1.868 Thread 0x000001c7ec0cc8e0 nmethod 1448 0x000001c7d7e59a10 code [0x000001c7d7e59ba0, 0x000001c7d7e59cc8]
Event: 1.868 Thread 0x000001c7ec0cc8e0 1467       4       java.util.concurrent.ConcurrentLinkedQueue::offer (120 bytes)
Event: 1.872 Thread 0x000001c7ec0cc8e0 nmethod 1467 0x000001c7d7e59e10 code [0x000001c7d7e59fa0, 0x000001c7d7e5a378]
Event: 1.872 Thread 0x000001c7ec0cc8e0 1471       4       java.util.concurrent.ConcurrentLinkedQueue::add (6 bytes)
Event: 1.877 Thread 0x000001c7ec0cc8e0 nmethod 1471 0x000001c7d7e5a590 code [0x000001c7d7e5a720, 0x000001c7d7e5aaf8]
Event: 1.877 Thread 0x000001c7ec0cc8e0 1463       4       com.android.tools.r8.graph.q::a (43 bytes)
Event: 1.883 Thread 0x000001c7ec0cc8e0 nmethod 1463 0x000001c7d7e5ad10 code [0x000001c7d7e5aec0, 0x000001c7d7e5b668]
Event: 1.883 Thread 0x000001c7ec0cc8e0 1468       4       com.android.tools.r8.graph.q::a (38 bytes)
Event: 1.888 Thread 0x000001c7ec0cc8e0 nmethod 1468 0x000001c7d7e5ba90 code [0x000001c7d7e5bc20, 0x000001c7d7e5c058]
Event: 1.888 Thread 0x000001c7ec0cc8e0 1470       4       com.android.tools.r8.graph.q$$Lambda$41/0x00000001001022a0::accept (16 bytes)

GC Heap History (20 events):
Event: 0.373 GC heap after
{Heap after GC invocations=1 (full 0):
 garbage-first heap   total 122880K, used 31344K [0x0000000089400000, 0x0000000100000000)
  region size 1024K, 2 young (2048K), 2 survivors (2048K)
 Metaspace       used 9223K, committed 9344K, reserved 1114112K
  class space    used 888K, committed 960K, reserved 1048576K
}
Event: 0.402 GC heap before
{Heap before GC invocations=1 (full 0):
 garbage-first heap   total 122880K, used 61040K [0x0000000089400000, 0x0000000100000000)
  region size 1024K, 3 young (3072K), 2 survivors (2048K)
 Metaspace       used 9407K, committed 9536K, reserved 1114112K
  class space    used 913K, committed 960K, reserved 1048576K
}
Event: 0.403 GC heap after
{Heap after GC invocations=2 (full 0):
 garbage-first heap   total 122880K, used 31463K [0x0000000089400000, 0x0000000100000000)
  region size 1024K, 2 young (2048K), 2 survivors (2048K)
 Metaspace       used 9407K, committed 9536K, reserved 1114112K
  class space    used 913K, committed 960K, reserved 1048576K
}
Event: 0.539 GC heap before
{Heap before GC invocations=2 (full 0):
 garbage-first heap   total 122880K, used 77543K [0x0000000089400000, 0x0000000100000000)
  region size 1024K, 33 young (33792K), 2 survivors (2048K)
 Metaspace       used 9447K, committed 9600K, reserved 1114112K
  class space    used 916K, committed 960K, reserved 1048576K
}
Event: 0.556 GC heap after
{Heap after GC invocations=3 (full 0):
 garbage-first heap   total 122880K, used 49485K [0x0000000089400000, 0x0000000100000000)
  region size 1024K, 5 young (5120K), 5 survivors (5120K)
 Metaspace       used 9447K, committed 9600K, reserved 1114112K
  class space    used 916K, committed 960K, reserved 1048576K
}
Event: 0.639 GC heap before
{Heap before GC invocations=3 (full 0):
 garbage-first heap   total 122880K, used 75085K [0x0000000089400000, 0x0000000100000000)
  region size 1024K, 29 young (29696K), 5 survivors (5120K)
 Metaspace       used 9493K, committed 9664K, reserved 1114112K
  class space    used 922K, committed 1024K, reserved 1048576K
}
Event: 0.658 GC heap after
{Heap after GC invocations=4 (full 0):
 garbage-first heap   total 122880K, used 60086K [0x0000000089400000, 0x0000000100000000)
  region size 1024K, 4 young (4096K), 4 survivors (4096K)
 Metaspace       used 9493K, committed 9664K, reserved 1114112K
  class space    used 922K, committed 1024K, reserved 1048576K
}
Event: 0.765 GC heap before
{Heap before GC invocations=4 (full 0):
 garbage-first heap   total 122880K, used 75446K [0x0000000089400000, 0x0000000100000000)
  region size 1024K, 21 young (21504K), 4 survivors (4096K)
 Metaspace       used 9607K, committed 9792K, reserved 1114112K
  class space    used 941K, committed 1024K, reserved 1048576K
}
Event: 0.794 GC heap after
{Heap after GC invocations=5 (full 0):
 garbage-first heap   total 122880K, used 69120K [0x0000000089400000, 0x0000000100000000)
  region size 1024K, 4 young (4096K), 4 survivors (4096K)
 Metaspace       used 9607K, committed 9792K, reserved 1114112K
  class space    used 941K, committed 1024K, reserved 1048576K
}
Event: 0.833 GC heap before
{Heap before GC invocations=6 (full 0):
 garbage-first heap   total 124928K, used 78336K [0x0000000089400000, 0x0000000100000000)
  region size 1024K, 13 young (13312K), 4 survivors (4096K)
 Metaspace       used 9614K, committed 9792K, reserved 1114112K
  class space    used 942K, committed 1024K, reserved 1048576K
}
Event: 0.854 GC heap after
{Heap after GC invocations=7 (full 0):
 garbage-first heap   total 249856K, used 73216K [0x0000000089400000, 0x0000000100000000)
  region size 1024K, 3 young (3072K), 3 survivors (3072K)
 Metaspace       used 9614K, committed 9792K, reserved 1114112K
  class space    used 942K, committed 1024K, reserved 1048576K
}
Event: 1.180 GC heap before
{Heap before GC invocations=7 (full 0):
 garbage-first heap   total 249856K, used 119296K [0x0000000089400000, 0x0000000100000000)
  region size 1024K, 44 young (45056K), 3 survivors (3072K)
 Metaspace       used 11372K, committed 11520K, reserved 1114112K
  class space    used 1260K, committed 1344K, reserved 1048576K
}
Event: 1.231 GC heap after
{Heap after GC invocations=8 (full 0):
 garbage-first heap   total 249856K, used 99216K [0x0000000089400000, 0x0000000100000000)
  region size 1024K, 6 young (6144K), 6 survivors (6144K)
 Metaspace       used 11372K, committed 11520K, reserved 1114112K
  class space    used 1260K, committed 1344K, reserved 1048576K
}
Event: 1.500 GC heap before
{Heap before GC invocations=8 (full 0):
 garbage-first heap   total 249856K, used 147344K [0x0000000089400000, 0x0000000100000000)
  region size 1024K, 54 young (55296K), 6 survivors (6144K)
 Metaspace       used 11388K, committed 11520K, reserved 1114112K
  class space    used 1261K, committed 1344K, reserved 1048576K
}
Event: 1.548 GC heap after
{Heap after GC invocations=9 (full 0):
 garbage-first heap   total 249856K, used 130048K [0x0000000089400000, 0x0000000100000000)
  region size 1024K, 7 young (7168K), 7 survivors (7168K)
 Metaspace       used 11388K, committed 11520K, reserved 1114112K
  class space    used 1261K, committed 1344K, reserved 1048576K
}
Event: 1.650 GC heap before
{Heap before GC invocations=9 (full 0):
 garbage-first heap   total 249856K, used 153600K [0x0000000089400000, 0x0000000100000000)
  region size 1024K, 30 young (30720K), 7 survivors (7168K)
 Metaspace       used 11428K, committed 11584K, reserved 1114112K
  class space    used 1261K, committed 1344K, reserved 1048576K
}
Event: 1.678 GC heap after
{Heap after GC invocations=10 (full 0):
 garbage-first heap   total 249856K, used 144896K [0x0000000089400000, 0x0000000100000000)
  region size 1024K, 4 young (4096K), 4 survivors (4096K)
 Metaspace       used 11428K, committed 11584K, reserved 1114112K
  class space    used 1261K, committed 1344K, reserved 1048576K
}
Event: 1.827 GC heap before
{Heap before GC invocations=11 (full 0):
 garbage-first heap   total 276480K, used 174592K [0x0000000089400000, 0x0000000100000000)
  region size 1024K, 36 young (36864K), 4 survivors (4096K)
 Metaspace       used 11428K, committed 11584K, reserved 1114112K
  class space    used 1261K, committed 1344K, reserved 1048576K
}
Event: 1.852 GC heap after
{Heap after GC invocations=12 (full 0):
 garbage-first heap   total 276480K, used 163840K [0x0000000089400000, 0x0000000100000000)
  region size 1024K, 5 young (5120K), 5 survivors (5120K)
 Metaspace       used 11428K, committed 11584K, reserved 1114112K
  class space    used 1261K, committed 1344K, reserved 1048576K
}
Event: 1.892 GC heap before
{Heap before GC invocations=12 (full 0):
 garbage-first heap   total 276480K, used 172032K [0x0000000089400000, 0x0000000100000000)
  region size 1024K, 13 young (13312K), 5 survivors (5120K)
 Metaspace       used 11428K, committed 11584K, reserved 1114112K
  class space    used 1261K, committed 1344K, reserved 1048576K
}

Dll operation events (1 events):
Event: 0.015 Loaded shared library C:\Program Files\Android\Android Studio\jbr\bin\java.dll

Deoptimization events (20 events):
Event: 1.317 Thread 0x000001c7ec940000 Uncommon trap: trap_request=0xffffffbe fr.pc=0x000001c7d7e0aba4 relative=0x0000000000000b84
Event: 1.317 Thread 0x000001c7ec940000 Uncommon trap: reason=profile_predicate action=maybe_recompile pc=0x000001c7d7e0aba4 method=com.android.tools.r8.dex.n$d.a(Lcom/android/tools/r8/graph/a0;)Lcom/android/tools/r8/graph/X; @ 13 c2
Event: 1.317 Thread 0x000001c7ec940000 DEOPT PACKING pc=0x000001c7d7e0aba4 sp=0x000000ae6ccfee10
Event: 1.317 Thread 0x000001c7ec940000 DEOPT UNPACKING pc=0x000001c7d76869a3 sp=0x000000ae6ccfedb8 mode 2
Event: 1.370 Thread 0x000001c7ec9408f0 Uncommon trap: trap_request=0xffffffdc fr.pc=0x000001c7d7e142ac relative=0x000000000000018c
Event: 1.370 Thread 0x000001c7ec940000 Uncommon trap: trap_request=0xffffffdc fr.pc=0x000001c7d7e142ac relative=0x000000000000018c
Event: 1.370 Thread 0x000001c7ec9408f0 Uncommon trap: reason=class_check action=make_not_entrant pc=0x000001c7d7e142ac method=java.util.ArrayList.toArray([Ljava/lang/Object;)[Ljava/lang/Object; @ 21 c2
Event: 1.370 Thread 0x000001c7ec940000 Uncommon trap: reason=class_check action=make_not_entrant pc=0x000001c7d7e142ac method=java.util.ArrayList.toArray([Ljava/lang/Object;)[Ljava/lang/Object; @ 21 c2
Event: 1.370 Thread 0x000001c7ec940000 DEOPT PACKING pc=0x000001c7d7e142ac sp=0x000000ae6ccfe4c0
Event: 1.370 Thread 0x000001c7ec9408f0 DEOPT PACKING pc=0x000001c7d7e142ac sp=0x000000ae6cdfe590
Event: 1.370 Thread 0x000001c7ec940000 DEOPT UNPACKING pc=0x000001c7d76869a3 sp=0x000000ae6ccfe470 mode 2
Event: 1.370 Thread 0x000001c7ec9408f0 DEOPT UNPACKING pc=0x000001c7d76869a3 sp=0x000000ae6cdfe540 mode 2
Event: 1.550 Thread 0x000001c7ec9408f0 Uncommon trap: trap_request=0xffffff45 fr.pc=0x000001c7d7e21e24 relative=0x0000000000005964
Event: 1.550 Thread 0x000001c7ec9408f0 Uncommon trap: reason=unstable_if action=reinterpret pc=0x000001c7d7e21e24 method=com.android.tools.r8.code.u1.a(Ljava/nio/ShortBuffer;IILcom/android/tools/r8/graph/N0;)[Lcom/android/tools/r8/code/t1; @ 301 c2
Event: 1.550 Thread 0x000001c7ec9408f0 DEOPT PACKING pc=0x000001c7d7e21e24 sp=0x000000ae6cdfed40
Event: 1.550 Thread 0x000001c7ec9408f0 DEOPT UNPACKING pc=0x000001c7d76869a3 sp=0x000000ae6cdfed18 mode 2
Event: 1.698 Thread 0x000001c7ec940000 Uncommon trap: trap_request=0xffffffdc fr.pc=0x000001c7d7e3ce58 relative=0x0000000000003298
Event: 1.698 Thread 0x000001c7ec940000 Uncommon trap: reason=class_check action=make_not_entrant pc=0x000001c7d7e3ce58 method=java.util.ArrayList.toArray([Ljava/lang/Object;)[Ljava/lang/Object; @ 21 c2
Event: 1.698 Thread 0x000001c7ec940000 DEOPT PACKING pc=0x000001c7d7e3ce58 sp=0x000000ae6ccfead0
Event: 1.698 Thread 0x000001c7ec940000 DEOPT UNPACKING pc=0x000001c7d76869a3 sp=0x000000ae6ccfea98 mode 2

Classes unloaded (1 events):
Event: 1.776 Thread 0x000001c7e78fec10 Unloading class 0x000000010010c400 'java/lang/invoke/LambdaForm$DMH+0x000000010010c400'

Classes redefined (0 events):
No events

Internal exceptions (13 events):
Event: 0.148 Thread 0x000001c7cb538660 Exception <a 'java/lang/NoSuchMethodError'{0x00000000909759d0}: 'void java.lang.invoke.DirectMethodHandle$Holder.invokeStatic(java.lang.Object, java.lang.Object)'> (0x00000000909759d0) 
thrown [s\src\hotspot\share\interpreter\linkResolver.cpp, line 771]
Event: 0.211 Thread 0x000001c7cb538660 Exception <a 'java/lang/NoSuchMethodError'{0x000000009088caa8}: 'void java.lang.invoke.DirectMethodHandle$Holder.invokeSpecial(java.lang.Object, java.lang.Object, java.lang.Object)'> (0x000000009088caa8) 
thrown [s\src\hotspot\share\interpreter\linkResolver.cpp, line 771]
Event: 0.265 Thread 0x000001c7cb538660 Exception <a 'java/lang/NoSuchMethodError'{0x00000000907fb348}: 'int java.lang.invoke.DirectMethodHandle$Holder.invokeVirtual(java.lang.Object, java.lang.Object, java.lang.Object)'> (0x00000000907fb348) 
thrown [s\src\hotspot\share\interpreter\linkResolver.cpp, line 771]
Event: 0.275 Thread 0x000001c7cb538660 Exception <a 'java/lang/NoSuchMethodError'{0x00000000906350b0}: 'void java.lang.invoke.DirectMethodHandle$Holder.invokeStatic(java.lang.Object, java.lang.Object, java.lang.Object, java.lang.Object)'> (0x00000000906350b0) 
thrown [s\src\hotspot\share\interpreter\linkResolver.cpp, line 771]
Event: 0.277 Thread 0x000001c7cb538660 Exception <a 'java/lang/NoSuchMethodError'{0x000000009063c000}: 'void java.lang.invoke.DirectMethodHandle$Holder.invokeInterface(java.lang.Object, java.lang.Object, java.lang.Object)'> (0x000000009063c000) 
thrown [s\src\hotspot\share\interpreter\linkResolver.cpp, line 771]
Event: 0.330 Thread 0x000001c7cb538660 Exception <a 'java/lang/NoSuchMethodError'{0x00000000905aa608}: 'int java.lang.invoke.DirectMethodHandle$Holder.invokeVirtual(java.lang.Object, java.lang.Object)'> (0x00000000905aa608) 
thrown [s\src\hotspot\share\interpreter\linkResolver.cpp, line 771]
Event: 0.331 Thread 0x000001c7cb538660 Exception <a 'java/lang/NoSuchMethodError'{0x00000000905b0738}: 'java.lang.Object java.lang.invoke.DirectMethodHandle$Holder.invokeStatic(java.lang.Object, java.lang.Object, java.lang.Object, java.lang.Object, java.lang.Object, java.lang.Object, java.lang.Object, java.lang.Object, java.lang.Object, java.lang.Object, java.lang.Object, java.lang.Object, java.lang.Object, java.lang.Object, java.lang.Object, java.lang.Object, java.lang.Object, int, java.lang.Object)'> (0x00000000905b0738) 
thrown [s\src\hotspo
Event: 0.331 Thread 0x000001c7cb538660 Exception <a 'java/lang/NoSuchMethodError'{0x00000000905b5a80}: 'java.lang.Object java.lang.invoke.DirectMethodHandle$Holder.invokeStaticInit(java.lang.Object, java.lang.Object, java.lang.Object, java.lang.Object, java.lang.Object, java.lang.Object, java.lang.Object, java.lang.Object, java.lang.Object, java.lang.Object, java.lang.Object, java.lang.Object, java.lang.Object, java.lang.Object, java.lang.Object, java.lang.Object, java.lang.Object, int, java.lang.Object)'> (0x00000000905b5a80) 
thrown [s\src\ho
Event: 0.959 Thread 0x000001c7ec9408f0 Exception <a 'java/lang/NoSuchMethodError'{0x0000000097776640}: 'java.lang.Object java.lang.invoke.DirectMethodHandle$Holder.invokeStaticInit(java.lang.Object)'> (0x0000000097776640) 
thrown [s\src\hotspot\share\interpreter\linkResolver.cpp, line 771]
Event: 0.959 Thread 0x000001c7ec940000 Exception <a 'java/lang/NoSuchMethodError'{0x00000000978ff668}: 'java.lang.Object java.lang.invoke.DirectMethodHandle$Holder.invokeStaticInit(java.lang.Object)'> (0x00000000978ff668) 
thrown [s\src\hotspot\share\interpreter\linkResolver.cpp, line 771]
Event: 1.008 Thread 0x000001c7ec940000 Exception <a 'java/lang/NoSuchMethodError'{0x00000000976db778}: 'long java.lang.invoke.DirectMethodHandle$Holder.invokeStatic(java.lang.Object, java.lang.Object)'> (0x00000000976db778) 
thrown [s\src\hotspot\share\interpreter\linkResolver.cpp, line 771]
Event: 1.009 Thread 0x000001c7ec940000 Exception <a 'java/lang/NoSuchMethodError'{0x00000000976dede8}: 'long java.lang.invoke.DirectMethodHandle$Holder.invokeStaticInit(java.lang.Object, java.lang.Object)'> (0x00000000976dede8) 
thrown [s\src\hotspot\share\interpreter\linkResolver.cpp, line 771]
Event: 1.022 Thread 0x000001c7ec940000 Implicit null exception at 0x000001c7d7dee8ab to 0x000001c7d7deea1c

VM Operations (20 events):
Event: 0.810 Executing VM operation: G1PauseRemark done
Event: 0.816 Executing VM operation: G1PauseCleanup
Event: 0.816 Executing VM operation: G1PauseCleanup done
Event: 0.833 Executing VM operation: G1TryInitiateConcMark
Event: 0.854 Executing VM operation: G1TryInitiateConcMark done
Event: 0.958 Executing VM operation: HandshakeAllThreads
Event: 0.958 Executing VM operation: HandshakeAllThreads done
Event: 1.179 Executing VM operation: G1CollectForAllocation
Event: 1.231 Executing VM operation: G1CollectForAllocation done
Event: 1.500 Executing VM operation: G1CollectForAllocation
Event: 1.548 Executing VM operation: G1CollectForAllocation done
Event: 1.650 Executing VM operation: G1CollectForAllocation
Event: 1.678 Executing VM operation: G1CollectForAllocation done
Event: 1.776 Executing VM operation: G1PauseRemark
Event: 1.778 Executing VM operation: G1PauseRemark done
Event: 1.813 Executing VM operation: G1PauseCleanup
Event: 1.813 Executing VM operation: G1PauseCleanup done
Event: 1.827 Executing VM operation: G1CollectForAllocation
Event: 1.852 Executing VM operation: G1CollectForAllocation done
Event: 1.892 Executing VM operation: G1CollectForAllocation

Events (20 events):
Event: 0.927 loading class java/util/concurrent/ForkJoinPool$DefaultForkJoinWorkerThreadFactory$1
Event: 0.927 loading class java/util/concurrent/ForkJoinPool$DefaultForkJoinWorkerThreadFactory$1 done
Event: 0.927 Thread 0x000001c7ec940000 Thread added: 0x000001c7ec940000
Event: 0.929 Thread 0x000001c7ec9408f0 Thread added: 0x000001c7ec9408f0
Event: 1.005 loading class java/nio/ShortBuffer
Event: 1.006 loading class java/nio/ShortBuffer done
Event: 1.006 loading class java/nio/HeapShortBuffer
Event: 1.006 loading class java/nio/HeapShortBuffer done
Event: 1.017 loading class java/util/AbstractList$RandomAccessSubList
Event: 1.017 loading class java/util/AbstractList$SubList
Event: 1.017 loading class java/util/AbstractList$SubList done
Event: 1.017 loading class java/util/AbstractList$RandomAccessSubList done
Event: 1.017 loading class java/util/AbstractList$SubList$1
Event: 1.017 loading class java/util/AbstractList$SubList$1 done
Event: 1.017 loading class java/util/AbstractList$ListItr
Event: 1.017 loading class java/util/AbstractList$Itr
Event: 1.017 loading class java/util/AbstractList$Itr done
Event: 1.017 loading class java/util/AbstractList$ListItr done
Event: 1.314 loading class jdk/internal/access/foreign/MemorySegmentProxy
Event: 1.315 loading class jdk/internal/access/foreign/MemorySegmentProxy done


Dynamic libraries:
0x00007ff6fdc40000 - 0x00007ff6fdc4a000 	C:\Program Files\Android\Android Studio\jbr\bin\java.exe
0x00007ffff9b40000 - 0x00007ffff9da3000 	C:\WINDOWS\SYSTEM32\ntdll.dll
0x00007ffff89d0000 - 0x00007ffff8a98000 	C:\WINDOWS\System32\KERNEL32.DLL
0x00007ffff71b0000 - 0x00007ffff7561000 	C:\WINDOWS\System32\KERNELBASE.dll
0x00007ffff6fe0000 - 0x00007ffff712b000 	C:\WINDOWS\System32\ucrtbase.dll
0x00007fffd6c30000 - 0x00007fffd6c47000 	C:\Program Files\Android\Android Studio\jbr\bin\jli.dll
0x00007fffe1e00000 - 0x00007fffe1e1b000 	C:\Program Files\Android\Android Studio\jbr\bin\VCRUNTIME140.dll
0x00007ffff8800000 - 0x00007ffff89c8000 	C:\WINDOWS\System32\USER32.dll
0x00007ffff7790000 - 0x00007ffff77b7000 	C:\WINDOWS\System32\win32u.dll
0x00007ffff9ad0000 - 0x00007ffff9afa000 	C:\WINDOWS\System32\GDI32.dll
0x00007ffff7880000 - 0x00007ffff79a5000 	C:\WINDOWS\System32\gdi32full.dll
0x00007fffe1a90000 - 0x00007fffe1d20000 	C:\WINDOWS\WinSxS\amd64_microsoft.windows.common-controls_6595b64144ccf1df_6.0.26100.2161_none_3e0cadb0e33078e1\COMCTL32.dll
0x00007ffff6f30000 - 0x00007ffff6fd3000 	C:\WINDOWS\System32\msvcp_win.dll
0x00007ffff9870000 - 0x00007ffff9919000 	C:\WINDOWS\System32\msvcrt.dll
0x00007ffff9330000 - 0x00007ffff935f000 	C:\WINDOWS\System32\IMM32.DLL
0x00007ffff1b10000 - 0x00007ffff1b1c000 	C:\Program Files\Android\Android Studio\jbr\bin\vcruntime140_1.dll
0x00007fffc6630000 - 0x00007fffc66bd000 	C:\Program Files\Android\Android Studio\jbr\bin\msvcp140.dll
0x00007fff70ef0000 - 0x00007fff71b73000 	C:\Program Files\Android\Android Studio\jbr\bin\server\jvm.dll
0x00007ffff8740000 - 0x00007ffff87f4000 	C:\WINDOWS\System32\ADVAPI32.dll
0x00007ffff9460000 - 0x00007ffff9506000 	C:\WINDOWS\System32\sechost.dll
0x00007ffff9920000 - 0x00007ffff9a36000 	C:\WINDOWS\System32\RPCRT4.dll
0x00007fffefbf0000 - 0x00007fffefc26000 	C:\WINDOWS\SYSTEM32\WINMM.dll
0x00007ffff6dc0000 - 0x00007ffff6e0e000 	C:\WINDOWS\SYSTEM32\POWRPROF.dll
0x00007fffefc30000 - 0x00007fffefc3b000 	C:\WINDOWS\SYSTEM32\VERSION.dll
0x00007fffe5d60000 - 0x00007fffe5d6a000 	C:\WINDOWS\SYSTEM32\WSOCK32.dll
0x00007ffff9a50000 - 0x00007ffff9ac4000 	C:\WINDOWS\System32\WS2_32.dll
0x00007ffff6cf0000 - 0x00007ffff6d04000 	C:\WINDOWS\SYSTEM32\UMPDC.dll
0x00007ffff5d20000 - 0x00007ffff5d3a000 	C:\WINDOWS\SYSTEM32\kernel.appcore.dll
0x00007ffff1e30000 - 0x00007ffff1e3a000 	C:\Program Files\Android\Android Studio\jbr\bin\jimage.dll
0x00007ffff4810000 - 0x00007ffff4a51000 	C:\WINDOWS\SYSTEM32\DBGHELP.DLL
0x00007ffff79c0000 - 0x00007ffff7d3d000 	C:\WINDOWS\System32\combase.dll
0x00007ffff9250000 - 0x00007ffff9326000 	C:\WINDOWS\System32\OLEAUT32.dll
0x00007fffe3100000 - 0x00007fffe3139000 	C:\WINDOWS\SYSTEM32\dbgcore.DLL
0x00007ffff76f0000 - 0x00007ffff7789000 	C:\WINDOWS\System32\bcryptPrimitives.dll
0x00007fffd9590000 - 0x00007fffd95b5000 	C:\Program Files\Android\Android Studio\jbr\bin\java.dll
0x00007fffe01d0000 - 0x00007fffe01e8000 	C:\Program Files\Android\Android Studio\jbr\bin\zip.dll
0x00007ffff7e20000 - 0x00007ffff851f000 	C:\WINDOWS\System32\SHELL32.dll
0x00007ffff4c80000 - 0x00007ffff54ad000 	C:\WINDOWS\SYSTEM32\windows.storage.dll
0x00007ffff7d40000 - 0x00007ffff7e13000 	C:\WINDOWS\System32\SHCORE.dll
0x00007ffff8c40000 - 0x00007ffff8c9d000 	C:\WINDOWS\System32\shlwapi.dll
0x00007ffff6e40000 - 0x00007ffff6e6e000 	C:\WINDOWS\SYSTEM32\profapi.dll
0x00007fffd8d20000 - 0x00007fffd8d39000 	C:\Program Files\Android\Android Studio\jbr\bin\net.dll
0x00007ffff0860000 - 0x00007ffff0986000 	C:\WINDOWS\SYSTEM32\WINHTTP.dll
0x00007ffff6280000 - 0x00007ffff62e8000 	C:\WINDOWS\system32\mswsock.dll
0x00007fffd8d00000 - 0x00007fffd8d16000 	C:\Program Files\Android\Android Studio\jbr\bin\nio.dll

dbghelp: loaded successfully - version: 4.0.5 - missing functions: none
symbol engine: initialized successfully - sym options: 0x614 - pdb path: .;C:\Program Files\Android\Android Studio\jbr\bin;C:\WINDOWS\SYSTEM32;C:\WINDOWS\WinSxS\amd64_microsoft.windows.common-controls_6595b64144ccf1df_6.0.26100.2161_none_3e0cadb0e33078e1;C:\Program Files\Android\Android Studio\jbr\bin\server

VM Arguments:
java_command: com.android.tools.r8.D8 --file-per-class --release --no-desugaring --output E:\Program-DEV\Steal Alien Indonesia\Projects\Jetcaster 2\Jetcaster\app\build\intermediates\dex\release\minifyReleaseWithR8\fileperclass.zip E:\Program-DEV\Steal Alien Indonesia\Projects\Jetcaster 2\Jetcaster\app\build\intermediates\dex\release\minifyReleaseWithR8\classes.dex E:\Program-DEV\Steal Alien Indonesia\Projects\Jetcaster 2\Jetcaster\app\build\intermediates\dex\release\minifyReleaseWithR8\classes2.dex
java_class_path (initial): C:\Users\tohap_88\AppData\Local\Android\Sdk\build-tools\30.0.3\lib\d8.jar
Launcher Type: SUN_STANDARD

[Global flags]
     intx CICompilerCount                          = 12                                        {product} {ergonomic}
     uint ConcGCThreads                            = 3                                         {product} {ergonomic}
     uint G1ConcRefinementThreads                  = 13                                        {product} {ergonomic}
   size_t G1HeapRegionSize                         = 1048576                                   {product} {ergonomic}
    uintx GCDrainStackTargetSize                   = 64                                        {product} {ergonomic}
   size_t InitialHeapSize                          = 125829120                                 {product} {ergonomic}
   size_t MarkStackSize                            = 4194304                                   {product} {ergonomic}
   size_t MaxHeapSize                              = 1992294400                                {product} {ergonomic}
   size_t MaxNewSize                               = 1195376640                                {product} {ergonomic}
   size_t MinHeapDeltaBytes                        = 1048576                                   {product} {ergonomic}
   size_t MinHeapSize                              = 8388608                                   {product} {ergonomic}
    uintx NonNMethodCodeHeapSize                   = 7602480                                {pd product} {ergonomic}
    uintx NonProfiledCodeHeapSize                  = 122027880                              {pd product} {ergonomic}
    uintx ProfiledCodeHeapSize                     = 122027880                              {pd product} {ergonomic}
    uintx ReservedCodeCacheSize                    = 251658240                              {pd product} {ergonomic}
     bool SegmentedCodeCache                       = true                                      {product} {ergonomic}
   size_t SoftMaxHeapSize                          = 1992294400                             {manageable} {ergonomic}
     bool UseCompressedClassPointers               = true                           {product lp64_product} {ergonomic}
     bool UseCompressedOops                        = true                           {product lp64_product} {ergonomic}
     bool UseG1GC                                  = true                                      {product} {ergonomic}
     bool UseLargePagesIndividualAllocation        = false                                  {pd product} {ergonomic}

Logging:
Log output configuration:
 #0: stdout all=warning uptime,level,tags
 #1: stderr all=off uptime,level,tags

Environment Variables:
JAVA_HOME=C:\Program Files\Java\jdk-19\
PATH=C:\Python312\Scripts\;C:\Python312\;C:\Program Files\Python311\Scripts\;C:\Program Files\Python311\;C:\Windows\system32;C:\Windows;C:\Windows\System32\Wbem;C:\Windows\System32\WindowsPowerShell\v1.0\;C:\Windows\System32\OpenSSH\;C:\Program Files (x86)\NVIDIA Corporation\PhysX\Common;C:\Program Files\NVIDIA Corporation\NVIDIA NvDLISR;C:\WINDOWS\system32;C:\WINDOWS;C:\WINDOWS\System32\Wbem;C:\WINDOWS\System32\WindowsPowerShell\v1.0\;C:\WINDOWS\System32\OpenSSH\;C:\ProgramData\chocolatey\bin;D:\Program-DEV\Flutter\env\flutter\bin;C:\Users\tohap_88\AppData\Local\Android\Sdk\platform-tools;C:\Program Files\Docker\Docker\resources\bin;C:\Program Files\Java\jdk-19\bin;C:\Program Files\Git\cmd;C:\Program Files\dotnet\;C:\Program Files\JetBrains\IntelliJ IDEA 2024.1.1\plugins\maven\lib\maven3\bin;C:\Program Files\Microsoft VS Code Insiders\bin;C:\Program Files\nodejs\;C:\Users\tohap_88\AppData\Local\Android\Sdk\cmdline-tools\bin;C:\Program Files\Apktool;C:\Program Files\010 Editor;C:\Users\tohap_88\AppData\Local\Android\Sdk\tools;C:\Users\tohap_88\AppData\Local\Microsoft\WindowsApps;;C:\Program Files\JetBrains\IntelliJ IDEA 2024.2.3\bin;;C:\Program Files\JetBrains\PyCharm 2024.2.3\bin;;C:\Users\tohap_88\AppData\Roaming\npm;C:\Program Files\JetBrains\WebStorm 2024.2.3\bin;
USERNAME=tohap_88
OS=Windows_NT
PROCESSOR_IDENTIFIER=AMD64 Family 23 Model 96 Stepping 1, AuthenticAMD
TMP=C:\Users\tohap_88\AppData\Local\Temp
TEMP=C:\Users\tohap_88\AppData\Local\Temp



Periodic native trim disabled

JNI global refs:
JNI global refs: 21, weak refs: 19

JNI global refs memory usage: 843, weak refs: 841

Process memory usage:
Resident Set Size: 375700K (4% of 7781492K total physical memory with 777984K free physical memory)

OOME stack traces (most recent first):
Classloader memory used:
Loader bootstrap                                                                       : 998K
Loader jdk.internal.loader.ClassLoaders$AppClassLoader                                 : 430K


---------------  S Y S T E M  ---------------

OS:
 Windows 11 , 64 bit Build 26100 (10.0.26100.2161)
OS uptime: 5 days 7:00 hours
Hyper-V role detected

CPU: total 16 (initial active 16) (16 cores per cpu, 2 threads per core) family 23 model 96 stepping 1 microcode 0x8600106, cx8, cmov, fxsr, ht, mmx, 3dnowpref, sse, sse2, sse3, ssse3, sse4a, sse4.1, sse4.2, popcnt, lzcnt, tsc, tscinvbit, avx, avx2, aes, clmul, bmi1, bmi2, adx, sha, fma, vzeroupper, clflush, clflushopt, hv
Processor Information for all 16 processors :
  Max Mhz: 2901, Current Mhz: 2901, Mhz Limit: 2901

Memory: 4k page, system-wide physical 7599M (759M free)
TotalPageFile size 31151M (AvailPageFile size 418M)
current process WorkingSet (physical memory assigned to process): 366M, peak: 369M
current process commit charge ("private bytes"): 450M, peak: 995M

vm_info: OpenJDK 64-Bit Server VM (17.0.11+0--11852314) for windows-amd64 JRE (17.0.11+0--11852314), built on May 16 2024 21:29:20 by "androidbuild" with MS VC++ 16.10 / 16.11 (VS2019)

END.
